[2023-08-25T15:21:58.178+0000] {taskinstance.py:1159} INFO - Dependencies all met for dep_context=non-requeueable deps ti=<TaskInstance: etl_event_dag.etl_user manual__2023-08-25T15:21:49.290192+00:00 [queued]>
[2023-08-25T15:21:58.198+0000] {taskinstance.py:1159} INFO - Dependencies all met for dep_context=requeueable deps ti=<TaskInstance: etl_event_dag.etl_user manual__2023-08-25T15:21:49.290192+00:00 [queued]>
[2023-08-25T15:21:58.199+0000] {taskinstance.py:1361} INFO - Starting attempt 1 of 1
[2023-08-25T15:21:58.236+0000] {taskinstance.py:1382} INFO - Executing <Task(PythonOperator): etl_user> on 2023-08-25 15:21:49.290192+00:00
[2023-08-25T15:21:58.248+0000] {standard_task_runner.py:57} INFO - Started process 201013 to run task
[2023-08-25T15:21:58.267+0000] {standard_task_runner.py:84} INFO - Running: ['airflow', 'tasks', 'run', 'etl_event_dag', 'etl_user', 'manual__2023-08-25T15:21:49.290192+00:00', '--job-id', '8', '--raw', '--subdir', 'DAGS_FOLDER/dag_etl.py', '--cfg-path', '/tmp/tmp6d040cqy']
[2023-08-25T15:21:58.276+0000] {standard_task_runner.py:85} INFO - Job 8: Subtask etl_user
[2023-08-25T15:21:58.437+0000] {task_command.py:415} INFO - Running <TaskInstance: etl_event_dag.etl_user manual__2023-08-25T15:21:49.290192+00:00 [running]> on host data-system.us-central1-a.c.data-system-392010.internal
[2023-08-25T15:21:58.632+0000] {taskinstance.py:1660} INFO - Exporting env vars: AIRFLOW_CTX_DAG_EMAIL='hungnm15012002@gmail.com' AIRFLOW_CTX_DAG_OWNER='hungnm' AIRFLOW_CTX_DAG_ID='etl_event_dag' AIRFLOW_CTX_TASK_ID='etl_user' AIRFLOW_CTX_EXECUTION_DATE='2023-08-25T15:21:49.290192+00:00' AIRFLOW_CTX_TRY_NUMBER='1' AIRFLOW_CTX_DAG_RUN_ID='manual__2023-08-25T15:21:49.290192+00:00'
[2023-08-25T15:21:58.655+0000] {taskinstance.py:1943} ERROR - Task failed with exception
Traceback (most recent call last):
  File "/home/data-engineer/GAAS_Data_System/Airflow/dags/dag_etl.py", line 26, in etl_user_items
    logging.info('Extracting user...')
NameError: name 'logging' is not defined

During handling of the above exception, another exception occurred:

Traceback (most recent call last):
  File "/home/data-engineer/GAAS_Data_System/venv/lib/python3.10/site-packages/airflow/operators/python.py", line 192, in execute
    return_value = self.execute_callable()
  File "/home/data-engineer/GAAS_Data_System/venv/lib/python3.10/site-packages/airflow/operators/python.py", line 209, in execute_callable
    return self.python_callable(*self.op_args, **self.op_kwargs)
  File "/home/data-engineer/GAAS_Data_System/Airflow/dags/dag_etl.py", line 99, in etl_user_items
    except mysql.connector.Error as error:
NameError: name 'mysql' is not defined
[2023-08-25T15:21:58.672+0000] {taskinstance.py:1400} INFO - Marking task as FAILED. dag_id=etl_event_dag, task_id=etl_user, execution_date=20230825T152149, start_date=20230825T152158, end_date=20230825T152158
[2023-08-25T15:21:58.698+0000] {logging_mixin.py:151} WARNING - /home/data-engineer/GAAS_Data_System/venv/lib/python3.10/site-packages/airflow/utils/email.py:154 RemovedInAirflow3Warning: Fetching SMTP credentials from configuration variables will be deprecated in a future release. Please set credentials using a connection instead.
[2023-08-25T15:21:58.700+0000] {configuration.py:1064} WARNING - section/key [smtp/smtp_user] not found in config
[2023-08-25T15:21:58.700+0000] {email.py:270} INFO - Email alerting: attempt 1
[2023-08-25T15:21:58.714+0000] {configuration.py:1064} WARNING - section/key [smtp/smtp_user] not found in config
[2023-08-25T15:21:58.716+0000] {email.py:270} INFO - Email alerting: attempt 1
[2023-08-25T15:21:58.717+0000] {taskinstance.py:2013} ERROR - Failed to send email to: ['hungnm15012002@gmail.com']
Traceback (most recent call last):
  File "/home/data-engineer/GAAS_Data_System/Airflow/dags/dag_etl.py", line 26, in etl_user_items
    logging.info('Extracting user...')
NameError: name 'logging' is not defined

During handling of the above exception, another exception occurred:

Traceback (most recent call last):
  File "/home/data-engineer/GAAS_Data_System/venv/lib/python3.10/site-packages/airflow/models/taskinstance.py", line 1518, in _run_raw_task
    self._execute_task_with_callbacks(context, test_mode, session=session)
  File "/home/data-engineer/GAAS_Data_System/venv/lib/python3.10/site-packages/airflow/models/taskinstance.py", line 1679, in _execute_task_with_callbacks
    result = self._execute_task(context, task_orig)
  File "/home/data-engineer/GAAS_Data_System/venv/lib/python3.10/site-packages/airflow/models/taskinstance.py", line 1750, in _execute_task
    result = execute_callable(context=context)
  File "/home/data-engineer/GAAS_Data_System/venv/lib/python3.10/site-packages/airflow/operators/python.py", line 192, in execute
    return_value = self.execute_callable()
  File "/home/data-engineer/GAAS_Data_System/venv/lib/python3.10/site-packages/airflow/operators/python.py", line 209, in execute_callable
    return self.python_callable(*self.op_args, **self.op_kwargs)
  File "/home/data-engineer/GAAS_Data_System/Airflow/dags/dag_etl.py", line 99, in etl_user_items
    except mysql.connector.Error as error:
NameError: name 'mysql' is not defined

During handling of the above exception, another exception occurred:

Traceback (most recent call last):
  File "/home/data-engineer/GAAS_Data_System/venv/lib/python3.10/site-packages/airflow/models/taskinstance.py", line 2426, in email_alert
    send_email(task.email, subject, html_content)
  File "/home/data-engineer/GAAS_Data_System/venv/lib/python3.10/site-packages/airflow/utils/email.py", line 80, in send_email
    return backend(
  File "/home/data-engineer/GAAS_Data_System/venv/lib/python3.10/site-packages/airflow/utils/email.py", line 154, in send_email_smtp
    send_mime_email(e_from=mail_from, e_to=recipients, mime_msg=msg, conn_id=conn_id, dryrun=dryrun)
  File "/home/data-engineer/GAAS_Data_System/venv/lib/python3.10/site-packages/airflow/utils/email.py", line 272, in send_mime_email
    smtp_conn = _get_smtp_connection(smtp_host, smtp_port, smtp_timeout, smtp_ssl)
  File "/home/data-engineer/GAAS_Data_System/venv/lib/python3.10/site-packages/airflow/utils/email.py", line 317, in _get_smtp_connection
    return smtplib.SMTP(host=host, port=port, timeout=timeout)
  File "/usr/lib/python3.10/smtplib.py", line 255, in __init__
    (code, msg) = self.connect(host, port)
  File "/usr/lib/python3.10/smtplib.py", line 341, in connect
    self.sock = self._get_socket(host, port, self.timeout)
  File "/usr/lib/python3.10/smtplib.py", line 312, in _get_socket
    return socket.create_connection((host, port), timeout,
  File "/usr/lib/python3.10/socket.py", line 845, in create_connection
    raise err
  File "/usr/lib/python3.10/socket.py", line 833, in create_connection
    sock.connect(sa)
ConnectionRefusedError: [Errno 111] Connection refused

During handling of the above exception, another exception occurred:

Traceback (most recent call last):
  File "/home/data-engineer/GAAS_Data_System/venv/lib/python3.10/site-packages/airflow/models/taskinstance.py", line 2011, in handle_failure
    self.email_alert(error, task)
  File "/home/data-engineer/GAAS_Data_System/venv/lib/python3.10/site-packages/airflow/models/taskinstance.py", line 2428, in email_alert
    send_email(task.email, subject, html_content_err)
  File "/home/data-engineer/GAAS_Data_System/venv/lib/python3.10/site-packages/airflow/utils/email.py", line 80, in send_email
    return backend(
  File "/home/data-engineer/GAAS_Data_System/venv/lib/python3.10/site-packages/airflow/utils/email.py", line 154, in send_email_smtp
    send_mime_email(e_from=mail_from, e_to=recipients, mime_msg=msg, conn_id=conn_id, dryrun=dryrun)
  File "/home/data-engineer/GAAS_Data_System/venv/lib/python3.10/site-packages/airflow/utils/email.py", line 272, in send_mime_email
    smtp_conn = _get_smtp_connection(smtp_host, smtp_port, smtp_timeout, smtp_ssl)
  File "/home/data-engineer/GAAS_Data_System/venv/lib/python3.10/site-packages/airflow/utils/email.py", line 317, in _get_smtp_connection
    return smtplib.SMTP(host=host, port=port, timeout=timeout)
  File "/usr/lib/python3.10/smtplib.py", line 255, in __init__
    (code, msg) = self.connect(host, port)
  File "/usr/lib/python3.10/smtplib.py", line 341, in connect
    self.sock = self._get_socket(host, port, self.timeout)
  File "/usr/lib/python3.10/smtplib.py", line 312, in _get_socket
    return socket.create_connection((host, port), timeout,
  File "/usr/lib/python3.10/socket.py", line 845, in create_connection
    raise err
  File "/usr/lib/python3.10/socket.py", line 833, in create_connection
    sock.connect(sa)
ConnectionRefusedError: [Errno 111] Connection refused
[2023-08-25T15:21:58.752+0000] {standard_task_runner.py:104} ERROR - Failed to execute job 8 for task etl_user (name 'mysql' is not defined; 201013)
[2023-08-25T15:21:58.792+0000] {local_task_job_runner.py:228} INFO - Task exited with return code 1
[2023-08-25T15:21:58.820+0000] {taskinstance.py:2784} INFO - 0 downstream tasks scheduled from follow-on schedule check
