[2023-08-25T17:44:35.520+0000] {taskinstance.py:1159} INFO - Dependencies all met for dep_context=non-requeueable deps ti=<TaskInstance: gaas_etl.etl_event scheduled__2023-08-25T10:50:00+00:00 [queued]>
[2023-08-25T17:44:35.653+0000] {taskinstance.py:1159} INFO - Dependencies all met for dep_context=requeueable deps ti=<TaskInstance: gaas_etl.etl_event scheduled__2023-08-25T10:50:00+00:00 [queued]>
[2023-08-25T17:44:35.658+0000] {taskinstance.py:1361} INFO - Starting attempt 1 of 1
[2023-08-25T17:44:36.325+0000] {taskinstance.py:1382} INFO - Executing <Task(PythonOperator): etl_event> on 2023-08-25 10:50:00+00:00
[2023-08-25T17:44:36.392+0000] {standard_task_runner.py:57} INFO - Started process 216032 to run task
[2023-08-25T17:44:36.445+0000] {standard_task_runner.py:84} INFO - Running: ['airflow', 'tasks', 'run', 'gaas_etl', 'etl_event', 'scheduled__2023-08-25T10:50:00+00:00', '--job-id', '46', '--raw', '--subdir', 'DAGS_FOLDER/dag_etl.py', '--cfg-path', '/tmp/tmpge0glv82']
[2023-08-25T17:44:36.501+0000] {standard_task_runner.py:85} INFO - Job 46: Subtask etl_event
[2023-08-25T17:44:37.264+0000] {task_command.py:415} INFO - Running <TaskInstance: gaas_etl.etl_event scheduled__2023-08-25T10:50:00+00:00 [running]> on host data-system.us-central1-a.c.data-system-392010.internal
[2023-08-25T17:44:38.340+0000] {taskinstance.py:1660} INFO - Exporting env vars: AIRFLOW_CTX_DAG_EMAIL='hungnm15012002@gmail.com' AIRFLOW_CTX_DAG_OWNER='hungnm' AIRFLOW_CTX_DAG_ID='gaas_etl' AIRFLOW_CTX_TASK_ID='etl_event' AIRFLOW_CTX_EXECUTION_DATE='2023-08-25T10:50:00+00:00' AIRFLOW_CTX_TRY_NUMBER='1' AIRFLOW_CTX_DAG_RUN_ID='scheduled__2023-08-25T10:50:00+00:00'
[2023-08-25T17:44:38.545+0000] {dag_etl.py:116} INFO - Extracting event...
[2023-08-25T17:44:39.215+0000] {extract.py:36} INFO - Request time: 0:00:00.668931
[2023-08-25T17:44:39.215+0000] {logging_mixin.py:151} WARNING - --- Logging error ---
[2023-08-25T17:44:39.217+0000] {logging_mixin.py:151} WARNING - Traceback (most recent call last):
[2023-08-25T17:44:39.217+0000] {logging_mixin.py:151} WARNING -   File "/usr/lib/python3.10/logging/__init__.py", line 1100, in emit
    msg = self.format(record)
[2023-08-25T17:44:39.218+0000] {logging_mixin.py:151} WARNING -   File "/usr/lib/python3.10/logging/__init__.py", line 943, in format
    return fmt.format(record)
[2023-08-25T17:44:39.218+0000] {logging_mixin.py:151} WARNING -   File "/usr/lib/python3.10/logging/__init__.py", line 678, in format
    record.message = record.getMessage()
[2023-08-25T17:44:39.218+0000] {logging_mixin.py:151} WARNING -   File "/usr/lib/python3.10/logging/__init__.py", line 368, in getMessage
    msg = msg % self.args
[2023-08-25T17:44:39.219+0000] {logging_mixin.py:151} WARNING - TypeError: not all arguments converted during string formatting
[2023-08-25T17:44:39.219+0000] {logging_mixin.py:151} WARNING - Call stack:
[2023-08-25T17:44:39.264+0000] {logging_mixin.py:151} WARNING -   File "/home/data-engineer/GAAS_Data_System/venv/bin/airflow", line 8, in <module>
    sys.exit(main())
[2023-08-25T17:44:39.265+0000] {logging_mixin.py:151} WARNING -   File "/home/data-engineer/GAAS_Data_System/venv/lib/python3.10/site-packages/airflow/__main__.py", line 60, in main
    args.func(args)
[2023-08-25T17:44:39.265+0000] {logging_mixin.py:151} WARNING -   File "/home/data-engineer/GAAS_Data_System/venv/lib/python3.10/site-packages/airflow/cli/cli_config.py", line 49, in command
    return func(*args, **kwargs)
[2023-08-25T17:44:39.265+0000] {logging_mixin.py:151} WARNING -   File "/home/data-engineer/GAAS_Data_System/venv/lib/python3.10/site-packages/airflow/utils/cli.py", line 113, in wrapper
    return f(*args, **kwargs)
[2023-08-25T17:44:39.265+0000] {logging_mixin.py:151} WARNING -   File "/home/data-engineer/GAAS_Data_System/venv/lib/python3.10/site-packages/airflow/utils/providers_configuration_loader.py", line 56, in wrapped_function
    return func(*args, **kwargs)
[2023-08-25T17:44:39.265+0000] {logging_mixin.py:151} WARNING -   File "/home/data-engineer/GAAS_Data_System/venv/lib/python3.10/site-packages/airflow/cli/commands/scheduler_command.py", line 85, in scheduler
    _run_scheduler_job(job_runner, skip_serve_logs=args.skip_serve_logs)
[2023-08-25T17:44:39.266+0000] {logging_mixin.py:151} WARNING -   File "/home/data-engineer/GAAS_Data_System/venv/lib/python3.10/site-packages/airflow/cli/commands/scheduler_command.py", line 47, in _run_scheduler_job
    run_job(job=job_runner.job, execute_callable=job_runner._execute)
[2023-08-25T17:44:39.277+0000] {logging_mixin.py:151} WARNING -   File "/home/data-engineer/GAAS_Data_System/venv/lib/python3.10/site-packages/airflow/utils/session.py", line 77, in wrapper
    return func(*args, session=session, **kwargs)
[2023-08-25T17:44:39.279+0000] {logging_mixin.py:151} WARNING -   File "/home/data-engineer/GAAS_Data_System/venv/lib/python3.10/site-packages/airflow/jobs/job.py", line 289, in run_job
    return execute_job(job, execute_callable=execute_callable)
[2023-08-25T17:44:39.281+0000] {logging_mixin.py:151} WARNING -   File "/home/data-engineer/GAAS_Data_System/venv/lib/python3.10/site-packages/airflow/jobs/job.py", line 318, in execute_job
    ret = execute_callable()
[2023-08-25T17:44:39.282+0000] {logging_mixin.py:151} WARNING -   File "/home/data-engineer/GAAS_Data_System/venv/lib/python3.10/site-packages/airflow/jobs/scheduler_job_runner.py", line 838, in _execute
    self.job.executor.start()
[2023-08-25T17:44:39.282+0000] {logging_mixin.py:151} WARNING -   File "/home/data-engineer/GAAS_Data_System/venv/lib/python3.10/site-packages/airflow/executors/local_executor.py", line 367, in start
    self.impl.start()
[2023-08-25T17:44:39.282+0000] {logging_mixin.py:151} WARNING -   File "/home/data-engineer/GAAS_Data_System/venv/lib/python3.10/site-packages/airflow/executors/local_executor.py", line 308, in start
    worker.start()
[2023-08-25T17:44:39.282+0000] {logging_mixin.py:151} WARNING -   File "/usr/lib/python3.10/multiprocessing/process.py", line 121, in start
    self._popen = self._Popen(self)
[2023-08-25T17:44:39.282+0000] {logging_mixin.py:151} WARNING -   File "/usr/lib/python3.10/multiprocessing/context.py", line 224, in _Popen
    return _default_context.get_context().Process._Popen(process_obj)
[2023-08-25T17:44:39.282+0000] {logging_mixin.py:151} WARNING -   File "/usr/lib/python3.10/multiprocessing/context.py", line 281, in _Popen
    return Popen(process_obj)
[2023-08-25T17:44:39.283+0000] {logging_mixin.py:151} WARNING -   File "/usr/lib/python3.10/multiprocessing/popen_fork.py", line 19, in __init__
    self._launch(process_obj)
[2023-08-25T17:44:39.283+0000] {logging_mixin.py:151} WARNING -   File "/usr/lib/python3.10/multiprocessing/popen_fork.py", line 71, in _launch
    code = process_obj._bootstrap(parent_sentinel=child_r)
[2023-08-25T17:44:39.283+0000] {logging_mixin.py:151} WARNING -   File "/usr/lib/python3.10/multiprocessing/process.py", line 314, in _bootstrap
    self.run()
[2023-08-25T17:44:39.283+0000] {logging_mixin.py:151} WARNING -   File "/home/data-engineer/GAAS_Data_System/venv/lib/python3.10/site-packages/airflow/executors/local_executor.py", line 74, in run
    return super().run()
[2023-08-25T17:44:39.283+0000] {logging_mixin.py:151} WARNING -   File "/usr/lib/python3.10/multiprocessing/process.py", line 108, in run
    self._target(*self._args, **self._kwargs)
[2023-08-25T17:44:39.283+0000] {logging_mixin.py:151} WARNING -   File "/home/data-engineer/GAAS_Data_System/venv/lib/python3.10/site-packages/airflow/executors/local_executor.py", line 198, in do_work
    self.execute_work(key=key, command=command)
[2023-08-25T17:44:39.284+0000] {logging_mixin.py:151} WARNING -   File "/home/data-engineer/GAAS_Data_System/venv/lib/python3.10/site-packages/airflow/executors/local_executor.py", line 91, in execute_work
    state = self._execute_work_in_fork(command)
[2023-08-25T17:44:39.299+0000] {logging_mixin.py:151} WARNING -   File "/home/data-engineer/GAAS_Data_System/venv/lib/python3.10/site-packages/airflow/executors/local_executor.py", line 131, in _execute_work_in_fork
    args.func(args)
[2023-08-25T17:44:39.299+0000] {logging_mixin.py:151} WARNING -   File "/home/data-engineer/GAAS_Data_System/venv/lib/python3.10/site-packages/airflow/cli/cli_config.py", line 49, in command
    return func(*args, **kwargs)
[2023-08-25T17:44:39.302+0000] {logging_mixin.py:151} WARNING -   File "/home/data-engineer/GAAS_Data_System/venv/lib/python3.10/site-packages/airflow/utils/cli.py", line 113, in wrapper
    return f(*args, **kwargs)
[2023-08-25T17:44:39.303+0000] {logging_mixin.py:151} WARNING -   File "/home/data-engineer/GAAS_Data_System/venv/lib/python3.10/site-packages/airflow/cli/commands/task_command.py", line 430, in task_run
    task_return_code = _run_task_by_selected_method(args, _dag, ti)
[2023-08-25T17:44:39.303+0000] {logging_mixin.py:151} WARNING -   File "/home/data-engineer/GAAS_Data_System/venv/lib/python3.10/site-packages/airflow/cli/commands/task_command.py", line 208, in _run_task_by_selected_method
    return _run_task_by_local_task_job(args, ti)
[2023-08-25T17:44:39.303+0000] {logging_mixin.py:151} WARNING -   File "/home/data-engineer/GAAS_Data_System/venv/lib/python3.10/site-packages/airflow/cli/commands/task_command.py", line 270, in _run_task_by_local_task_job
    ret = run_job(job=job_runner.job, execute_callable=job_runner._execute)
[2023-08-25T17:44:39.303+0000] {logging_mixin.py:151} WARNING -   File "/home/data-engineer/GAAS_Data_System/venv/lib/python3.10/site-packages/airflow/utils/session.py", line 77, in wrapper
    return func(*args, session=session, **kwargs)
[2023-08-25T17:44:39.304+0000] {logging_mixin.py:151} WARNING -   File "/home/data-engineer/GAAS_Data_System/venv/lib/python3.10/site-packages/airflow/jobs/job.py", line 289, in run_job
    return execute_job(job, execute_callable=execute_callable)
[2023-08-25T17:44:39.305+0000] {logging_mixin.py:151} WARNING -   File "/home/data-engineer/GAAS_Data_System/venv/lib/python3.10/site-packages/airflow/jobs/job.py", line 318, in execute_job
    ret = execute_callable()
[2023-08-25T17:44:39.305+0000] {logging_mixin.py:151} WARNING -   File "/home/data-engineer/GAAS_Data_System/venv/lib/python3.10/site-packages/airflow/jobs/local_task_job_runner.py", line 159, in _execute
    self.task_runner.start()
[2023-08-25T17:44:39.305+0000] {logging_mixin.py:151} WARNING -   File "/home/data-engineer/GAAS_Data_System/venv/lib/python3.10/site-packages/airflow/task/task_runner/standard_task_runner.py", line 45, in start
    self.process = self._start_by_fork()
[2023-08-25T17:44:39.305+0000] {logging_mixin.py:151} WARNING -   File "/home/data-engineer/GAAS_Data_System/venv/lib/python3.10/site-packages/airflow/task/task_runner/standard_task_runner.py", line 97, in _start_by_fork
    ret = args.func(args, dag=self.dag)
[2023-08-25T17:44:39.305+0000] {logging_mixin.py:151} WARNING -   File "/home/data-engineer/GAAS_Data_System/venv/lib/python3.10/site-packages/airflow/cli/cli_config.py", line 49, in command
    return func(*args, **kwargs)
[2023-08-25T17:44:39.306+0000] {logging_mixin.py:151} WARNING -   File "/home/data-engineer/GAAS_Data_System/venv/lib/python3.10/site-packages/airflow/utils/cli.py", line 113, in wrapper
    return f(*args, **kwargs)
[2023-08-25T17:44:39.306+0000] {logging_mixin.py:151} WARNING -   File "/home/data-engineer/GAAS_Data_System/venv/lib/python3.10/site-packages/airflow/cli/commands/task_command.py", line 430, in task_run
    task_return_code = _run_task_by_selected_method(args, _dag, ti)
[2023-08-25T17:44:39.316+0000] {logging_mixin.py:151} WARNING -   File "/home/data-engineer/GAAS_Data_System/venv/lib/python3.10/site-packages/airflow/cli/commands/task_command.py", line 210, in _run_task_by_selected_method
    return _run_raw_task(args, ti)
[2023-08-25T17:44:39.317+0000] {logging_mixin.py:151} WARNING -   File "/home/data-engineer/GAAS_Data_System/venv/lib/python3.10/site-packages/airflow/cli/commands/task_command.py", line 289, in _run_raw_task
    return ti._run_raw_task(
[2023-08-25T17:44:39.317+0000] {logging_mixin.py:151} WARNING -   File "/home/data-engineer/GAAS_Data_System/venv/lib/python3.10/site-packages/airflow/utils/session.py", line 77, in wrapper
    return func(*args, session=session, **kwargs)
[2023-08-25T17:44:39.317+0000] {logging_mixin.py:151} WARNING -   File "/home/data-engineer/GAAS_Data_System/venv/lib/python3.10/site-packages/airflow/models/taskinstance.py", line 1518, in _run_raw_task
    self._execute_task_with_callbacks(context, test_mode, session=session)
[2023-08-25T17:44:39.317+0000] {logging_mixin.py:151} WARNING -   File "/home/data-engineer/GAAS_Data_System/venv/lib/python3.10/site-packages/airflow/models/taskinstance.py", line 1679, in _execute_task_with_callbacks
    result = self._execute_task(context, task_orig)
[2023-08-25T17:44:39.317+0000] {logging_mixin.py:151} WARNING -   File "/home/data-engineer/GAAS_Data_System/venv/lib/python3.10/site-packages/airflow/models/taskinstance.py", line 1750, in _execute_task
    result = execute_callable(context=context)
[2023-08-25T17:44:39.317+0000] {logging_mixin.py:151} WARNING -   File "/home/data-engineer/GAAS_Data_System/venv/lib/python3.10/site-packages/airflow/operators/python.py", line 192, in execute
    return_value = self.execute_callable()
[2023-08-25T17:44:39.318+0000] {logging_mixin.py:151} WARNING -   File "/home/data-engineer/GAAS_Data_System/venv/lib/python3.10/site-packages/airflow/operators/python.py", line 209, in execute_callable
    return self.python_callable(*self.op_args, **self.op_kwargs)
[2023-08-25T17:44:39.318+0000] {logging_mixin.py:151} WARNING -   File "/home/data-engineer/GAAS_Data_System/Airflow/dags/dag_etl.py", line 117, in etl_event
    event_data = extract("log", greater,less)
[2023-08-25T17:44:39.318+0000] {logging_mixin.py:151} WARNING -   File "/home/data-engineer/GAAS_Data_System/ETL/extract.py", line 45, in extract
    logging.error("Server GAAS error:", response.status_code)
[2023-08-25T17:44:39.326+0000] {logging_mixin.py:151} WARNING -   File "/usr/lib/python3.10/logging/__init__.py", line 2105, in error
    root.error(msg, *args, **kwargs)
[2023-08-25T17:44:39.326+0000] {logging_mixin.py:151} WARNING -   File "/usr/lib/python3.10/logging/__init__.py", line 1506, in error
    self._log(ERROR, msg, args, **kwargs)
[2023-08-25T17:44:39.331+0000] {logging_mixin.py:151} WARNING -   File "/usr/lib/python3.10/logging/__init__.py", line 1624, in _log
    self.handle(record)
[2023-08-25T17:44:39.333+0000] {logging_mixin.py:151} WARNING -   File "/usr/lib/python3.10/logging/__init__.py", line 1634, in handle
    self.callHandlers(record)
[2023-08-25T17:44:39.334+0000] {logging_mixin.py:151} WARNING -   File "/usr/lib/python3.10/logging/__init__.py", line 1696, in callHandlers
    hdlr.handle(record)
[2023-08-25T17:44:39.334+0000] {logging_mixin.py:151} WARNING -   File "/usr/lib/python3.10/logging/__init__.py", line 968, in handle
    self.emit(record)
[2023-08-25T17:44:39.335+0000] {logging_mixin.py:151} WARNING -   File "/home/data-engineer/GAAS_Data_System/venv/lib/python3.10/site-packages/airflow/utils/log/file_task_handler.py", line 211, in emit
    self.handler.emit(record)
[2023-08-25T17:44:39.335+0000] {logging_mixin.py:151} WARNING - Message: 'Server GAAS error:'
Arguments: (502,)
[2023-08-25T17:44:39.357+0000] {taskinstance.py:1943} ERROR - Task failed with exception
Traceback (most recent call last):
  File "/home/data-engineer/GAAS_Data_System/Airflow/dags/dag_etl.py", line 117, in etl_event
    event_data = extract("log", greater,less)
  File "/home/data-engineer/GAAS_Data_System/ETL/extract.py", line 46, in extract
    cache_process(greater_time, less_than_time, col)
  File "/home/data-engineer/GAAS_Data_System/ETL/verify_func.py", line 27, in cache_process
    cache_df = pd.read_csv(cache_process_path)
  File "/home/data-engineer/GAAS_Data_System/venv/lib/python3.10/site-packages/pandas/io/parsers/readers.py", line 912, in read_csv
    return _read(filepath_or_buffer, kwds)
  File "/home/data-engineer/GAAS_Data_System/venv/lib/python3.10/site-packages/pandas/io/parsers/readers.py", line 577, in _read
    parser = TextFileReader(filepath_or_buffer, **kwds)
  File "/home/data-engineer/GAAS_Data_System/venv/lib/python3.10/site-packages/pandas/io/parsers/readers.py", line 1407, in __init__
    self._engine = self._make_engine(f, self.engine)
  File "/home/data-engineer/GAAS_Data_System/venv/lib/python3.10/site-packages/pandas/io/parsers/readers.py", line 1661, in _make_engine
    self.handles = get_handle(
  File "/home/data-engineer/GAAS_Data_System/venv/lib/python3.10/site-packages/pandas/io/common.py", line 859, in get_handle
    handle = open(
FileNotFoundError: [Errno 2] No such file or directory: '/home/data-engineer/GAAS_Data_System/ETL/cache_process/20230825'

During handling of the above exception, another exception occurred:

Traceback (most recent call last):
  File "/home/data-engineer/GAAS_Data_System/venv/lib/python3.10/site-packages/airflow/operators/python.py", line 192, in execute
    return_value = self.execute_callable()
  File "/home/data-engineer/GAAS_Data_System/venv/lib/python3.10/site-packages/airflow/operators/python.py", line 209, in execute_callable
    return self.python_callable(*self.op_args, **self.op_kwargs)
  File "/home/data-engineer/GAAS_Data_System/Airflow/dags/dag_etl.py", line 148, in etl_event
    cache_process(greater, less, "events")
  File "/home/data-engineer/GAAS_Data_System/ETL/verify_func.py", line 27, in cache_process
    cache_df = pd.read_csv(cache_process_path)
  File "/home/data-engineer/GAAS_Data_System/venv/lib/python3.10/site-packages/pandas/io/parsers/readers.py", line 912, in read_csv
    return _read(filepath_or_buffer, kwds)
  File "/home/data-engineer/GAAS_Data_System/venv/lib/python3.10/site-packages/pandas/io/parsers/readers.py", line 577, in _read
    parser = TextFileReader(filepath_or_buffer, **kwds)
  File "/home/data-engineer/GAAS_Data_System/venv/lib/python3.10/site-packages/pandas/io/parsers/readers.py", line 1407, in __init__
    self._engine = self._make_engine(f, self.engine)
  File "/home/data-engineer/GAAS_Data_System/venv/lib/python3.10/site-packages/pandas/io/parsers/readers.py", line 1661, in _make_engine
    self.handles = get_handle(
  File "/home/data-engineer/GAAS_Data_System/venv/lib/python3.10/site-packages/pandas/io/common.py", line 859, in get_handle
    handle = open(
FileNotFoundError: [Errno 2] No such file or directory: '/home/data-engineer/GAAS_Data_System/ETL/cache_process/20230825'
[2023-08-25T17:44:39.417+0000] {taskinstance.py:1400} INFO - Marking task as FAILED. dag_id=gaas_etl, task_id=etl_event, execution_date=20230825T105000, start_date=20230825T174435, end_date=20230825T174439
[2023-08-25T17:44:39.603+0000] {logging_mixin.py:151} WARNING - /home/data-engineer/GAAS_Data_System/venv/lib/python3.10/site-packages/airflow/utils/email.py:154 RemovedInAirflow3Warning: Fetching SMTP credentials from configuration variables will be deprecated in a future release. Please set credentials using a connection instead.
[2023-08-25T17:44:39.608+0000] {configuration.py:1064} WARNING - section/key [smtp/smtp_user] not found in config
[2023-08-25T17:44:39.614+0000] {email.py:270} INFO - Email alerting: attempt 1
[2023-08-25T17:44:39.691+0000] {configuration.py:1064} WARNING - section/key [smtp/smtp_user] not found in config
[2023-08-25T17:44:39.694+0000] {email.py:270} INFO - Email alerting: attempt 1
[2023-08-25T17:44:39.697+0000] {taskinstance.py:2013} ERROR - Failed to send email to: ['hungnm15012002@gmail.com']
Traceback (most recent call last):
  File "/home/data-engineer/GAAS_Data_System/Airflow/dags/dag_etl.py", line 117, in etl_event
    event_data = extract("log", greater,less)
  File "/home/data-engineer/GAAS_Data_System/ETL/extract.py", line 46, in extract
    cache_process(greater_time, less_than_time, col)
  File "/home/data-engineer/GAAS_Data_System/ETL/verify_func.py", line 27, in cache_process
    cache_df = pd.read_csv(cache_process_path)
  File "/home/data-engineer/GAAS_Data_System/venv/lib/python3.10/site-packages/pandas/io/parsers/readers.py", line 912, in read_csv
    return _read(filepath_or_buffer, kwds)
  File "/home/data-engineer/GAAS_Data_System/venv/lib/python3.10/site-packages/pandas/io/parsers/readers.py", line 577, in _read
    parser = TextFileReader(filepath_or_buffer, **kwds)
  File "/home/data-engineer/GAAS_Data_System/venv/lib/python3.10/site-packages/pandas/io/parsers/readers.py", line 1407, in __init__
    self._engine = self._make_engine(f, self.engine)
  File "/home/data-engineer/GAAS_Data_System/venv/lib/python3.10/site-packages/pandas/io/parsers/readers.py", line 1661, in _make_engine
    self.handles = get_handle(
  File "/home/data-engineer/GAAS_Data_System/venv/lib/python3.10/site-packages/pandas/io/common.py", line 859, in get_handle
    handle = open(
FileNotFoundError: [Errno 2] No such file or directory: '/home/data-engineer/GAAS_Data_System/ETL/cache_process/20230825'

During handling of the above exception, another exception occurred:

Traceback (most recent call last):
  File "/home/data-engineer/GAAS_Data_System/venv/lib/python3.10/site-packages/airflow/models/taskinstance.py", line 1518, in _run_raw_task
    self._execute_task_with_callbacks(context, test_mode, session=session)
  File "/home/data-engineer/GAAS_Data_System/venv/lib/python3.10/site-packages/airflow/models/taskinstance.py", line 1679, in _execute_task_with_callbacks
    result = self._execute_task(context, task_orig)
  File "/home/data-engineer/GAAS_Data_System/venv/lib/python3.10/site-packages/airflow/models/taskinstance.py", line 1750, in _execute_task
    result = execute_callable(context=context)
  File "/home/data-engineer/GAAS_Data_System/venv/lib/python3.10/site-packages/airflow/operators/python.py", line 192, in execute
    return_value = self.execute_callable()
  File "/home/data-engineer/GAAS_Data_System/venv/lib/python3.10/site-packages/airflow/operators/python.py", line 209, in execute_callable
    return self.python_callable(*self.op_args, **self.op_kwargs)
  File "/home/data-engineer/GAAS_Data_System/Airflow/dags/dag_etl.py", line 148, in etl_event
    cache_process(greater, less, "events")
  File "/home/data-engineer/GAAS_Data_System/ETL/verify_func.py", line 27, in cache_process
    cache_df = pd.read_csv(cache_process_path)
  File "/home/data-engineer/GAAS_Data_System/venv/lib/python3.10/site-packages/pandas/io/parsers/readers.py", line 912, in read_csv
    return _read(filepath_or_buffer, kwds)
  File "/home/data-engineer/GAAS_Data_System/venv/lib/python3.10/site-packages/pandas/io/parsers/readers.py", line 577, in _read
    parser = TextFileReader(filepath_or_buffer, **kwds)
  File "/home/data-engineer/GAAS_Data_System/venv/lib/python3.10/site-packages/pandas/io/parsers/readers.py", line 1407, in __init__
    self._engine = self._make_engine(f, self.engine)
  File "/home/data-engineer/GAAS_Data_System/venv/lib/python3.10/site-packages/pandas/io/parsers/readers.py", line 1661, in _make_engine
    self.handles = get_handle(
  File "/home/data-engineer/GAAS_Data_System/venv/lib/python3.10/site-packages/pandas/io/common.py", line 859, in get_handle
    handle = open(
FileNotFoundError: [Errno 2] No such file or directory: '/home/data-engineer/GAAS_Data_System/ETL/cache_process/20230825'

During handling of the above exception, another exception occurred:

Traceback (most recent call last):
  File "/home/data-engineer/GAAS_Data_System/venv/lib/python3.10/site-packages/airflow/models/taskinstance.py", line 2426, in email_alert
    send_email(task.email, subject, html_content)
  File "/home/data-engineer/GAAS_Data_System/venv/lib/python3.10/site-packages/airflow/utils/email.py", line 80, in send_email
    return backend(
  File "/home/data-engineer/GAAS_Data_System/venv/lib/python3.10/site-packages/airflow/utils/email.py", line 154, in send_email_smtp
    send_mime_email(e_from=mail_from, e_to=recipients, mime_msg=msg, conn_id=conn_id, dryrun=dryrun)
  File "/home/data-engineer/GAAS_Data_System/venv/lib/python3.10/site-packages/airflow/utils/email.py", line 272, in send_mime_email
    smtp_conn = _get_smtp_connection(smtp_host, smtp_port, smtp_timeout, smtp_ssl)
  File "/home/data-engineer/GAAS_Data_System/venv/lib/python3.10/site-packages/airflow/utils/email.py", line 317, in _get_smtp_connection
    return smtplib.SMTP(host=host, port=port, timeout=timeout)
  File "/usr/lib/python3.10/smtplib.py", line 255, in __init__
    (code, msg) = self.connect(host, port)
  File "/usr/lib/python3.10/smtplib.py", line 341, in connect
    self.sock = self._get_socket(host, port, self.timeout)
  File "/usr/lib/python3.10/smtplib.py", line 312, in _get_socket
    return socket.create_connection((host, port), timeout,
  File "/usr/lib/python3.10/socket.py", line 845, in create_connection
    raise err
  File "/usr/lib/python3.10/socket.py", line 833, in create_connection
    sock.connect(sa)
ConnectionRefusedError: [Errno 111] Connection refused

During handling of the above exception, another exception occurred:

Traceback (most recent call last):
  File "/home/data-engineer/GAAS_Data_System/venv/lib/python3.10/site-packages/airflow/models/taskinstance.py", line 2011, in handle_failure
    self.email_alert(error, task)
  File "/home/data-engineer/GAAS_Data_System/venv/lib/python3.10/site-packages/airflow/models/taskinstance.py", line 2428, in email_alert
    send_email(task.email, subject, html_content_err)
  File "/home/data-engineer/GAAS_Data_System/venv/lib/python3.10/site-packages/airflow/utils/email.py", line 80, in send_email
    return backend(
  File "/home/data-engineer/GAAS_Data_System/venv/lib/python3.10/site-packages/airflow/utils/email.py", line 154, in send_email_smtp
    send_mime_email(e_from=mail_from, e_to=recipients, mime_msg=msg, conn_id=conn_id, dryrun=dryrun)
  File "/home/data-engineer/GAAS_Data_System/venv/lib/python3.10/site-packages/airflow/utils/email.py", line 272, in send_mime_email
    smtp_conn = _get_smtp_connection(smtp_host, smtp_port, smtp_timeout, smtp_ssl)
  File "/home/data-engineer/GAAS_Data_System/venv/lib/python3.10/site-packages/airflow/utils/email.py", line 317, in _get_smtp_connection
    return smtplib.SMTP(host=host, port=port, timeout=timeout)
  File "/usr/lib/python3.10/smtplib.py", line 255, in __init__
    (code, msg) = self.connect(host, port)
  File "/usr/lib/python3.10/smtplib.py", line 341, in connect
    self.sock = self._get_socket(host, port, self.timeout)
  File "/usr/lib/python3.10/smtplib.py", line 312, in _get_socket
    return socket.create_connection((host, port), timeout,
  File "/usr/lib/python3.10/socket.py", line 845, in create_connection
    raise err
  File "/usr/lib/python3.10/socket.py", line 833, in create_connection
    sock.connect(sa)
ConnectionRefusedError: [Errno 111] Connection refused
[2023-08-25T17:44:40.094+0000] {standard_task_runner.py:104} ERROR - Failed to execute job 46 for task etl_event ([Errno 2] No such file or directory: '/home/data-engineer/GAAS_Data_System/ETL/cache_process/20230825'; 216032)
[2023-08-25T17:44:40.168+0000] {local_task_job_runner.py:228} INFO - Task exited with return code 1
[2023-08-25T17:44:40.469+0000] {taskinstance.py:2784} INFO - 0 downstream tasks scheduled from follow-on schedule check
