Traceback (most recent call last):
  File "/home/data-engineer/GAAS_Data_System/venv/lib/python3.10/site-packages/lockfile/pidlockfile.py", line 77, in acquire
    write_pid_to_pidfile(self.path)
  File "/home/data-engineer/GAAS_Data_System/venv/lib/python3.10/site-packages/lockfile/pidlockfile.py", line 161, in write_pid_to_pidfile
    pidfile_fd = os.open(pidfile_path, open_flags, open_mode)
PermissionError: [Errno 13] Permission denied: './airflow-scheduler.pid'

During handling of the above exception, another exception occurred:

Traceback (most recent call last):
  File "/home/data-engineer/GAAS_Data_System/venv/bin/airflow", line 8, in <module>
    sys.exit(main())
  File "/home/data-engineer/GAAS_Data_System/venv/lib/python3.10/site-packages/airflow/__main__.py", line 60, in main
    args.func(args)
  File "/home/data-engineer/GAAS_Data_System/venv/lib/python3.10/site-packages/airflow/cli/cli_config.py", line 49, in command
    return func(*args, **kwargs)
  File "/home/data-engineer/GAAS_Data_System/venv/lib/python3.10/site-packages/airflow/utils/cli.py", line 113, in wrapper
    return f(*args, **kwargs)
  File "/home/data-engineer/GAAS_Data_System/venv/lib/python3.10/site-packages/airflow/utils/providers_configuration_loader.py", line 56, in wrapped_function
    return func(*args, **kwargs)
  File "/home/data-engineer/GAAS_Data_System/venv/lib/python3.10/site-packages/airflow/cli/commands/scheduler_command.py", line 79, in scheduler
    with ctx:
  File "/home/data-engineer/GAAS_Data_System/venv/lib/python3.10/site-packages/daemon/daemon.py", line 365, in __enter__
    self.open()
  File "/home/data-engineer/GAAS_Data_System/venv/lib/python3.10/site-packages/daemon/daemon.py", line 357, in open
    self.pidfile.__enter__()
  File "/home/data-engineer/GAAS_Data_System/venv/lib/python3.10/site-packages/lockfile/__init__.py", line 197, in __enter__
    self.acquire()
  File "/home/data-engineer/GAAS_Data_System/venv/lib/python3.10/site-packages/daemon/pidfile.py", line 49, in acquire
    super().acquire(timeout, *args, **kwargs)
  File "/home/data-engineer/GAAS_Data_System/venv/lib/python3.10/site-packages/lockfile/pidlockfile.py", line 91, in acquire
    raise LockFailed("failed to create %s" % self.path)
lockfile.LockFailed: failed to create ./airflow-scheduler.pid
