[2023-08-25T17:43:55.860+0000] {taskinstance.py:1159} INFO - Dependencies all met for dep_context=non-requeueable deps ti=<TaskInstance: gaas_etl.get_process_time_task scheduled__2023-08-25T10:41:00+00:00 [queued]>
[2023-08-25T17:43:55.935+0000] {taskinstance.py:1159} INFO - Dependencies all met for dep_context=requeueable deps ti=<TaskInstance: gaas_etl.get_process_time_task scheduled__2023-08-25T10:41:00+00:00 [queued]>
[2023-08-25T17:43:55.936+0000] {taskinstance.py:1361} INFO - Starting attempt 1 of 1
[2023-08-25T17:43:56.674+0000] {taskinstance.py:1382} INFO - Executing <Task(PythonOperator): get_process_time_task> on 2023-08-25 10:41:00+00:00
[2023-08-25T17:43:56.723+0000] {standard_task_runner.py:57} INFO - Started process 214274 to run task
[2023-08-25T17:43:56.828+0000] {standard_task_runner.py:84} INFO - Running: ['airflow', 'tasks', 'run', 'gaas_etl', 'get_process_time_task', 'scheduled__2023-08-25T10:41:00+00:00', '--job-id', '16', '--raw', '--subdir', 'DAGS_FOLDER/dag_etl.py', '--cfg-path', '/tmp/tmpms2cvvrb']
[2023-08-25T17:43:56.898+0000] {standard_task_runner.py:85} INFO - Job 16: Subtask get_process_time_task
[2023-08-25T17:43:58.081+0000] {task_command.py:415} INFO - Running <TaskInstance: gaas_etl.get_process_time_task scheduled__2023-08-25T10:41:00+00:00 [running]> on host data-system.us-central1-a.c.data-system-392010.internal
[2023-08-25T17:44:02.208+0000] {taskinstance.py:1660} INFO - Exporting env vars: AIRFLOW_CTX_DAG_EMAIL='hungnm15012002@gmail.com' AIRFLOW_CTX_DAG_OWNER='hungnm' AIRFLOW_CTX_DAG_ID='gaas_etl' AIRFLOW_CTX_TASK_ID='get_process_time_task' AIRFLOW_CTX_EXECUTION_DATE='2023-08-25T10:41:00+00:00' AIRFLOW_CTX_TRY_NUMBER='1' AIRFLOW_CTX_DAG_RUN_ID='scheduled__2023-08-25T10:41:00+00:00'
[2023-08-25T17:44:02.228+0000] {taskinstance.py:1943} ERROR - Task failed with exception
Traceback (most recent call last):
  File "/home/data-engineer/GAAS_Data_System/venv/lib/python3.10/site-packages/airflow/operators/python.py", line 192, in execute
    return_value = self.execute_callable()
  File "/home/data-engineer/GAAS_Data_System/venv/lib/python3.10/site-packages/airflow/operators/python.py", line 209, in execute_callable
    return self.python_callable(*self.op_args, **self.op_kwargs)
  File "/home/data-engineer/GAAS_Data_System/Airflow/dags/dag_etl.py", line 14, in get_process_time
    greater_time = get_last_processed_timestamp()
  File "/home/data-engineer/GAAS_Data_System/ETL/verify_func.py", line 14, in get_last_processed_timestamp
    return int(last_processed_timestamp)
ValueError: invalid literal for int() with base 10: ''
[2023-08-25T17:44:02.394+0000] {taskinstance.py:1400} INFO - Marking task as FAILED. dag_id=gaas_etl, task_id=get_process_time_task, execution_date=20230825T104100, start_date=20230825T174355, end_date=20230825T174402
[2023-08-25T17:44:02.952+0000] {logging_mixin.py:151} WARNING - /home/data-engineer/GAAS_Data_System/venv/lib/python3.10/site-packages/airflow/utils/email.py:154 RemovedInAirflow3Warning: Fetching SMTP credentials from configuration variables will be deprecated in a future release. Please set credentials using a connection instead.
[2023-08-25T17:44:02.966+0000] {configuration.py:1064} WARNING - section/key [smtp/smtp_user] not found in config
[2023-08-25T17:44:02.968+0000] {email.py:270} INFO - Email alerting: attempt 1
[2023-08-25T17:44:03.063+0000] {configuration.py:1064} WARNING - section/key [smtp/smtp_user] not found in config
[2023-08-25T17:44:03.063+0000] {email.py:270} INFO - Email alerting: attempt 1
[2023-08-25T17:44:03.064+0000] {taskinstance.py:2013} ERROR - Failed to send email to: ['hungnm15012002@gmail.com']
Traceback (most recent call last):
  File "/home/data-engineer/GAAS_Data_System/venv/lib/python3.10/site-packages/airflow/models/taskinstance.py", line 1518, in _run_raw_task
    self._execute_task_with_callbacks(context, test_mode, session=session)
  File "/home/data-engineer/GAAS_Data_System/venv/lib/python3.10/site-packages/airflow/models/taskinstance.py", line 1679, in _execute_task_with_callbacks
    result = self._execute_task(context, task_orig)
  File "/home/data-engineer/GAAS_Data_System/venv/lib/python3.10/site-packages/airflow/models/taskinstance.py", line 1750, in _execute_task
    result = execute_callable(context=context)
  File "/home/data-engineer/GAAS_Data_System/venv/lib/python3.10/site-packages/airflow/operators/python.py", line 192, in execute
    return_value = self.execute_callable()
  File "/home/data-engineer/GAAS_Data_System/venv/lib/python3.10/site-packages/airflow/operators/python.py", line 209, in execute_callable
    return self.python_callable(*self.op_args, **self.op_kwargs)
  File "/home/data-engineer/GAAS_Data_System/Airflow/dags/dag_etl.py", line 14, in get_process_time
    greater_time = get_last_processed_timestamp()
  File "/home/data-engineer/GAAS_Data_System/ETL/verify_func.py", line 14, in get_last_processed_timestamp
    return int(last_processed_timestamp)
ValueError: invalid literal for int() with base 10: ''

During handling of the above exception, another exception occurred:

Traceback (most recent call last):
  File "/home/data-engineer/GAAS_Data_System/venv/lib/python3.10/site-packages/airflow/models/taskinstance.py", line 2426, in email_alert
    send_email(task.email, subject, html_content)
  File "/home/data-engineer/GAAS_Data_System/venv/lib/python3.10/site-packages/airflow/utils/email.py", line 80, in send_email
    return backend(
  File "/home/data-engineer/GAAS_Data_System/venv/lib/python3.10/site-packages/airflow/utils/email.py", line 154, in send_email_smtp
    send_mime_email(e_from=mail_from, e_to=recipients, mime_msg=msg, conn_id=conn_id, dryrun=dryrun)
  File "/home/data-engineer/GAAS_Data_System/venv/lib/python3.10/site-packages/airflow/utils/email.py", line 272, in send_mime_email
    smtp_conn = _get_smtp_connection(smtp_host, smtp_port, smtp_timeout, smtp_ssl)
  File "/home/data-engineer/GAAS_Data_System/venv/lib/python3.10/site-packages/airflow/utils/email.py", line 317, in _get_smtp_connection
    return smtplib.SMTP(host=host, port=port, timeout=timeout)
  File "/usr/lib/python3.10/smtplib.py", line 255, in __init__
    (code, msg) = self.connect(host, port)
  File "/usr/lib/python3.10/smtplib.py", line 341, in connect
    self.sock = self._get_socket(host, port, self.timeout)
  File "/usr/lib/python3.10/smtplib.py", line 312, in _get_socket
    return socket.create_connection((host, port), timeout,
  File "/usr/lib/python3.10/socket.py", line 845, in create_connection
    raise err
  File "/usr/lib/python3.10/socket.py", line 833, in create_connection
    sock.connect(sa)
ConnectionRefusedError: [Errno 111] Connection refused

During handling of the above exception, another exception occurred:

Traceback (most recent call last):
  File "/home/data-engineer/GAAS_Data_System/venv/lib/python3.10/site-packages/airflow/models/taskinstance.py", line 2011, in handle_failure
    self.email_alert(error, task)
  File "/home/data-engineer/GAAS_Data_System/venv/lib/python3.10/site-packages/airflow/models/taskinstance.py", line 2428, in email_alert
    send_email(task.email, subject, html_content_err)
  File "/home/data-engineer/GAAS_Data_System/venv/lib/python3.10/site-packages/airflow/utils/email.py", line 80, in send_email
    return backend(
  File "/home/data-engineer/GAAS_Data_System/venv/lib/python3.10/site-packages/airflow/utils/email.py", line 154, in send_email_smtp
    send_mime_email(e_from=mail_from, e_to=recipients, mime_msg=msg, conn_id=conn_id, dryrun=dryrun)
  File "/home/data-engineer/GAAS_Data_System/venv/lib/python3.10/site-packages/airflow/utils/email.py", line 272, in send_mime_email
    smtp_conn = _get_smtp_connection(smtp_host, smtp_port, smtp_timeout, smtp_ssl)
  File "/home/data-engineer/GAAS_Data_System/venv/lib/python3.10/site-packages/airflow/utils/email.py", line 317, in _get_smtp_connection
    return smtplib.SMTP(host=host, port=port, timeout=timeout)
  File "/usr/lib/python3.10/smtplib.py", line 255, in __init__
    (code, msg) = self.connect(host, port)
  File "/usr/lib/python3.10/smtplib.py", line 341, in connect
    self.sock = self._get_socket(host, port, self.timeout)
  File "/usr/lib/python3.10/smtplib.py", line 312, in _get_socket
    return socket.create_connection((host, port), timeout,
  File "/usr/lib/python3.10/socket.py", line 845, in create_connection
    raise err
  File "/usr/lib/python3.10/socket.py", line 833, in create_connection
    sock.connect(sa)
ConnectionRefusedError: [Errno 111] Connection refused
[2023-08-25T17:44:04.030+0000] {standard_task_runner.py:104} ERROR - Failed to execute job 16 for task get_process_time_task (invalid literal for int() with base 10: ''; 214274)
[2023-08-25T17:44:04.104+0000] {local_task_job_runner.py:228} INFO - Task exited with return code 1
[2023-08-25T17:44:04.440+0000] {taskinstance.py:2784} INFO - 0 downstream tasks scheduled from follow-on schedule check
