[2023-08-25T17:44:32.267+0000] {taskinstance.py:1159} INFO - Dependencies all met for dep_context=non-requeueable deps ti=<TaskInstance: gaas_etl.etl_user scheduled__2023-08-25T10:48:00+00:00 [queued]>
[2023-08-25T17:44:32.359+0000] {taskinstance.py:1159} INFO - Dependencies all met for dep_context=requeueable deps ti=<TaskInstance: gaas_etl.etl_user scheduled__2023-08-25T10:48:00+00:00 [queued]>
[2023-08-25T17:44:32.364+0000] {taskinstance.py:1361} INFO - Starting attempt 1 of 1
[2023-08-25T17:44:32.549+0000] {taskinstance.py:1382} INFO - Executing <Task(PythonOperator): etl_user> on 2023-08-25 10:48:00+00:00
[2023-08-25T17:44:32.583+0000] {standard_task_runner.py:57} INFO - Started process 215859 to run task
[2023-08-25T17:44:32.626+0000] {standard_task_runner.py:84} INFO - Running: ['airflow', 'tasks', 'run', 'gaas_etl', 'etl_user', 'scheduled__2023-08-25T10:48:00+00:00', '--job-id', '43', '--raw', '--subdir', 'DAGS_FOLDER/dag_etl.py', '--cfg-path', '/tmp/tmpe5dwpw9f']
[2023-08-25T17:44:32.643+0000] {standard_task_runner.py:85} INFO - Job 43: Subtask etl_user
[2023-08-25T17:44:33.011+0000] {task_command.py:415} INFO - Running <TaskInstance: gaas_etl.etl_user scheduled__2023-08-25T10:48:00+00:00 [running]> on host data-system.us-central1-a.c.data-system-392010.internal
[2023-08-25T17:44:33.386+0000] {taskinstance.py:1660} INFO - Exporting env vars: AIRFLOW_CTX_DAG_EMAIL='hungnm15012002@gmail.com' AIRFLOW_CTX_DAG_OWNER='hungnm' AIRFLOW_CTX_DAG_ID='gaas_etl' AIRFLOW_CTX_TASK_ID='etl_user' AIRFLOW_CTX_EXECUTION_DATE='2023-08-25T10:48:00+00:00' AIRFLOW_CTX_TRY_NUMBER='1' AIRFLOW_CTX_DAG_RUN_ID='scheduled__2023-08-25T10:48:00+00:00'
[2023-08-25T17:44:33.534+0000] {dag_etl.py:28} INFO - Extracting user...
[2023-08-25T17:44:45.146+0000] {extract.py:36} INFO - Request time: 0:00:11.611770
[2023-08-25T17:44:45.353+0000] {extract.py:42} INFO - Create DataFrame time: 0:00:00.205556
[2023-08-25T17:44:45.367+0000] {dag_etl.py:31} INFO - Complete extract user: 0:00:11.832981
[2023-08-25T17:44:45.367+0000] {dag_etl.py:33} INFO - Extracting resource...
[2023-08-25T17:44:45.756+0000] {extract.py:36} INFO - Request time: 0:00:00.388246
[2023-08-25T17:44:45.757+0000] {logging_mixin.py:151} WARNING - --- Logging error ---
[2023-08-25T17:44:45.758+0000] {logging_mixin.py:151} WARNING - Traceback (most recent call last):
[2023-08-25T17:44:45.759+0000] {logging_mixin.py:151} WARNING -   File "/usr/lib/python3.10/logging/__init__.py", line 1100, in emit
    msg = self.format(record)
[2023-08-25T17:44:45.759+0000] {logging_mixin.py:151} WARNING -   File "/usr/lib/python3.10/logging/__init__.py", line 943, in format
    return fmt.format(record)
[2023-08-25T17:44:45.759+0000] {logging_mixin.py:151} WARNING -   File "/usr/lib/python3.10/logging/__init__.py", line 678, in format
    record.message = record.getMessage()
[2023-08-25T17:44:45.759+0000] {logging_mixin.py:151} WARNING -   File "/usr/lib/python3.10/logging/__init__.py", line 368, in getMessage
    msg = msg % self.args
[2023-08-25T17:44:45.760+0000] {logging_mixin.py:151} WARNING - TypeError: not all arguments converted during string formatting
[2023-08-25T17:44:45.760+0000] {logging_mixin.py:151} WARNING - Call stack:
[2023-08-25T17:44:45.789+0000] {logging_mixin.py:151} WARNING -   File "/home/data-engineer/GAAS_Data_System/venv/bin/airflow", line 8, in <module>
    sys.exit(main())
[2023-08-25T17:44:45.790+0000] {logging_mixin.py:151} WARNING -   File "/home/data-engineer/GAAS_Data_System/venv/lib/python3.10/site-packages/airflow/__main__.py", line 60, in main
    args.func(args)
[2023-08-25T17:44:45.790+0000] {logging_mixin.py:151} WARNING -   File "/home/data-engineer/GAAS_Data_System/venv/lib/python3.10/site-packages/airflow/cli/cli_config.py", line 49, in command
    return func(*args, **kwargs)
[2023-08-25T17:44:45.810+0000] {logging_mixin.py:151} WARNING -   File "/home/data-engineer/GAAS_Data_System/venv/lib/python3.10/site-packages/airflow/utils/cli.py", line 113, in wrapper
    return f(*args, **kwargs)
[2023-08-25T17:44:45.814+0000] {logging_mixin.py:151} WARNING -   File "/home/data-engineer/GAAS_Data_System/venv/lib/python3.10/site-packages/airflow/utils/providers_configuration_loader.py", line 56, in wrapped_function
    return func(*args, **kwargs)
[2023-08-25T17:44:45.816+0000] {logging_mixin.py:151} WARNING -   File "/home/data-engineer/GAAS_Data_System/venv/lib/python3.10/site-packages/airflow/cli/commands/scheduler_command.py", line 85, in scheduler
    _run_scheduler_job(job_runner, skip_serve_logs=args.skip_serve_logs)
[2023-08-25T17:44:45.818+0000] {logging_mixin.py:151} WARNING -   File "/home/data-engineer/GAAS_Data_System/venv/lib/python3.10/site-packages/airflow/cli/commands/scheduler_command.py", line 47, in _run_scheduler_job
    run_job(job=job_runner.job, execute_callable=job_runner._execute)
[2023-08-25T17:44:45.823+0000] {logging_mixin.py:151} WARNING -   File "/home/data-engineer/GAAS_Data_System/venv/lib/python3.10/site-packages/airflow/utils/session.py", line 77, in wrapper
    return func(*args, session=session, **kwargs)
[2023-08-25T17:44:45.826+0000] {logging_mixin.py:151} WARNING -   File "/home/data-engineer/GAAS_Data_System/venv/lib/python3.10/site-packages/airflow/jobs/job.py", line 289, in run_job
    return execute_job(job, execute_callable=execute_callable)
[2023-08-25T17:44:45.830+0000] {logging_mixin.py:151} WARNING -   File "/home/data-engineer/GAAS_Data_System/venv/lib/python3.10/site-packages/airflow/jobs/job.py", line 318, in execute_job
    ret = execute_callable()
[2023-08-25T17:44:45.835+0000] {logging_mixin.py:151} WARNING -   File "/home/data-engineer/GAAS_Data_System/venv/lib/python3.10/site-packages/airflow/jobs/scheduler_job_runner.py", line 838, in _execute
    self.job.executor.start()
[2023-08-25T17:44:45.836+0000] {logging_mixin.py:151} WARNING -   File "/home/data-engineer/GAAS_Data_System/venv/lib/python3.10/site-packages/airflow/executors/local_executor.py", line 367, in start
    self.impl.start()
[2023-08-25T17:44:45.839+0000] {logging_mixin.py:151} WARNING -   File "/home/data-engineer/GAAS_Data_System/venv/lib/python3.10/site-packages/airflow/executors/local_executor.py", line 308, in start
    worker.start()
[2023-08-25T17:44:45.841+0000] {logging_mixin.py:151} WARNING -   File "/usr/lib/python3.10/multiprocessing/process.py", line 121, in start
    self._popen = self._Popen(self)
[2023-08-25T17:44:45.842+0000] {logging_mixin.py:151} WARNING -   File "/usr/lib/python3.10/multiprocessing/context.py", line 224, in _Popen
    return _default_context.get_context().Process._Popen(process_obj)
[2023-08-25T17:44:45.843+0000] {logging_mixin.py:151} WARNING -   File "/usr/lib/python3.10/multiprocessing/context.py", line 281, in _Popen
    return Popen(process_obj)
[2023-08-25T17:44:45.844+0000] {logging_mixin.py:151} WARNING -   File "/usr/lib/python3.10/multiprocessing/popen_fork.py", line 19, in __init__
    self._launch(process_obj)
[2023-08-25T17:44:45.846+0000] {logging_mixin.py:151} WARNING -   File "/usr/lib/python3.10/multiprocessing/popen_fork.py", line 71, in _launch
    code = process_obj._bootstrap(parent_sentinel=child_r)
[2023-08-25T17:44:45.851+0000] {logging_mixin.py:151} WARNING -   File "/usr/lib/python3.10/multiprocessing/process.py", line 314, in _bootstrap
    self.run()
[2023-08-25T17:44:45.853+0000] {logging_mixin.py:151} WARNING -   File "/home/data-engineer/GAAS_Data_System/venv/lib/python3.10/site-packages/airflow/executors/local_executor.py", line 74, in run
    return super().run()
[2023-08-25T17:44:45.856+0000] {logging_mixin.py:151} WARNING -   File "/usr/lib/python3.10/multiprocessing/process.py", line 108, in run
    self._target(*self._args, **self._kwargs)
[2023-08-25T17:44:45.862+0000] {logging_mixin.py:151} WARNING -   File "/home/data-engineer/GAAS_Data_System/venv/lib/python3.10/site-packages/airflow/executors/local_executor.py", line 198, in do_work
    self.execute_work(key=key, command=command)
[2023-08-25T17:44:45.864+0000] {logging_mixin.py:151} WARNING -   File "/home/data-engineer/GAAS_Data_System/venv/lib/python3.10/site-packages/airflow/executors/local_executor.py", line 91, in execute_work
    state = self._execute_work_in_fork(command)
[2023-08-25T17:44:45.867+0000] {logging_mixin.py:151} WARNING -   File "/home/data-engineer/GAAS_Data_System/venv/lib/python3.10/site-packages/airflow/executors/local_executor.py", line 131, in _execute_work_in_fork
    args.func(args)
[2023-08-25T17:44:45.871+0000] {logging_mixin.py:151} WARNING -   File "/home/data-engineer/GAAS_Data_System/venv/lib/python3.10/site-packages/airflow/cli/cli_config.py", line 49, in command
    return func(*args, **kwargs)
[2023-08-25T17:44:45.873+0000] {logging_mixin.py:151} WARNING -   File "/home/data-engineer/GAAS_Data_System/venv/lib/python3.10/site-packages/airflow/utils/cli.py", line 113, in wrapper
    return f(*args, **kwargs)
[2023-08-25T17:44:45.874+0000] {logging_mixin.py:151} WARNING -   File "/home/data-engineer/GAAS_Data_System/venv/lib/python3.10/site-packages/airflow/cli/commands/task_command.py", line 430, in task_run
    task_return_code = _run_task_by_selected_method(args, _dag, ti)
[2023-08-25T17:44:45.879+0000] {logging_mixin.py:151} WARNING -   File "/home/data-engineer/GAAS_Data_System/venv/lib/python3.10/site-packages/airflow/cli/commands/task_command.py", line 208, in _run_task_by_selected_method
    return _run_task_by_local_task_job(args, ti)
[2023-08-25T17:44:45.882+0000] {logging_mixin.py:151} WARNING -   File "/home/data-engineer/GAAS_Data_System/venv/lib/python3.10/site-packages/airflow/cli/commands/task_command.py", line 270, in _run_task_by_local_task_job
    ret = run_job(job=job_runner.job, execute_callable=job_runner._execute)
[2023-08-25T17:44:45.883+0000] {logging_mixin.py:151} WARNING -   File "/home/data-engineer/GAAS_Data_System/venv/lib/python3.10/site-packages/airflow/utils/session.py", line 77, in wrapper
    return func(*args, session=session, **kwargs)
[2023-08-25T17:44:45.885+0000] {logging_mixin.py:151} WARNING -   File "/home/data-engineer/GAAS_Data_System/venv/lib/python3.10/site-packages/airflow/jobs/job.py", line 289, in run_job
    return execute_job(job, execute_callable=execute_callable)
[2023-08-25T17:44:45.889+0000] {logging_mixin.py:151} WARNING -   File "/home/data-engineer/GAAS_Data_System/venv/lib/python3.10/site-packages/airflow/jobs/job.py", line 318, in execute_job
    ret = execute_callable()
[2023-08-25T17:44:45.890+0000] {logging_mixin.py:151} WARNING -   File "/home/data-engineer/GAAS_Data_System/venv/lib/python3.10/site-packages/airflow/jobs/local_task_job_runner.py", line 159, in _execute
    self.task_runner.start()
[2023-08-25T17:44:45.898+0000] {logging_mixin.py:151} WARNING -   File "/home/data-engineer/GAAS_Data_System/venv/lib/python3.10/site-packages/airflow/task/task_runner/standard_task_runner.py", line 45, in start
    self.process = self._start_by_fork()
[2023-08-25T17:44:45.903+0000] {logging_mixin.py:151} WARNING -   File "/home/data-engineer/GAAS_Data_System/venv/lib/python3.10/site-packages/airflow/task/task_runner/standard_task_runner.py", line 97, in _start_by_fork
    ret = args.func(args, dag=self.dag)
[2023-08-25T17:44:45.904+0000] {logging_mixin.py:151} WARNING -   File "/home/data-engineer/GAAS_Data_System/venv/lib/python3.10/site-packages/airflow/cli/cli_config.py", line 49, in command
    return func(*args, **kwargs)
[2023-08-25T17:44:45.905+0000] {logging_mixin.py:151} WARNING -   File "/home/data-engineer/GAAS_Data_System/venv/lib/python3.10/site-packages/airflow/utils/cli.py", line 113, in wrapper
    return f(*args, **kwargs)
[2023-08-25T17:44:45.910+0000] {logging_mixin.py:151} WARNING -   File "/home/data-engineer/GAAS_Data_System/venv/lib/python3.10/site-packages/airflow/cli/commands/task_command.py", line 430, in task_run
    task_return_code = _run_task_by_selected_method(args, _dag, ti)
[2023-08-25T17:44:45.913+0000] {logging_mixin.py:151} WARNING -   File "/home/data-engineer/GAAS_Data_System/venv/lib/python3.10/site-packages/airflow/cli/commands/task_command.py", line 210, in _run_task_by_selected_method
    return _run_raw_task(args, ti)
[2023-08-25T17:44:45.918+0000] {logging_mixin.py:151} WARNING -   File "/home/data-engineer/GAAS_Data_System/venv/lib/python3.10/site-packages/airflow/cli/commands/task_command.py", line 289, in _run_raw_task
    return ti._run_raw_task(
[2023-08-25T17:44:45.919+0000] {logging_mixin.py:151} WARNING -   File "/home/data-engineer/GAAS_Data_System/venv/lib/python3.10/site-packages/airflow/utils/session.py", line 77, in wrapper
    return func(*args, session=session, **kwargs)
[2023-08-25T17:44:45.920+0000] {logging_mixin.py:151} WARNING -   File "/home/data-engineer/GAAS_Data_System/venv/lib/python3.10/site-packages/airflow/models/taskinstance.py", line 1518, in _run_raw_task
    self._execute_task_with_callbacks(context, test_mode, session=session)
[2023-08-25T17:44:45.921+0000] {logging_mixin.py:151} WARNING -   File "/home/data-engineer/GAAS_Data_System/venv/lib/python3.10/site-packages/airflow/models/taskinstance.py", line 1679, in _execute_task_with_callbacks
    result = self._execute_task(context, task_orig)
[2023-08-25T17:44:45.922+0000] {logging_mixin.py:151} WARNING -   File "/home/data-engineer/GAAS_Data_System/venv/lib/python3.10/site-packages/airflow/models/taskinstance.py", line 1750, in _execute_task
    result = execute_callable(context=context)
[2023-08-25T17:44:45.927+0000] {logging_mixin.py:151} WARNING -   File "/home/data-engineer/GAAS_Data_System/venv/lib/python3.10/site-packages/airflow/operators/python.py", line 192, in execute
    return_value = self.execute_callable()
[2023-08-25T17:44:45.928+0000] {logging_mixin.py:151} WARNING -   File "/home/data-engineer/GAAS_Data_System/venv/lib/python3.10/site-packages/airflow/operators/python.py", line 209, in execute_callable
    return self.python_callable(*self.op_args, **self.op_kwargs)
[2023-08-25T17:44:45.932+0000] {logging_mixin.py:151} WARNING -   File "/home/data-engineer/GAAS_Data_System/Airflow/dags/dag_etl.py", line 34, in etl_user_items
    resource_df = extract("rs",greater,less)
[2023-08-25T17:44:45.935+0000] {logging_mixin.py:151} WARNING -   File "/home/data-engineer/GAAS_Data_System/ETL/extract.py", line 45, in extract
    logging.error("Server GAAS error:", response.status_code)
[2023-08-25T17:44:45.937+0000] {logging_mixin.py:151} WARNING -   File "/usr/lib/python3.10/logging/__init__.py", line 2105, in error
    root.error(msg, *args, **kwargs)
[2023-08-25T17:44:45.939+0000] {logging_mixin.py:151} WARNING -   File "/usr/lib/python3.10/logging/__init__.py", line 1506, in error
    self._log(ERROR, msg, args, **kwargs)
[2023-08-25T17:44:45.942+0000] {logging_mixin.py:151} WARNING -   File "/usr/lib/python3.10/logging/__init__.py", line 1624, in _log
    self.handle(record)
[2023-08-25T17:44:45.943+0000] {logging_mixin.py:151} WARNING -   File "/usr/lib/python3.10/logging/__init__.py", line 1634, in handle
    self.callHandlers(record)
[2023-08-25T17:44:45.946+0000] {logging_mixin.py:151} WARNING -   File "/usr/lib/python3.10/logging/__init__.py", line 1696, in callHandlers
    hdlr.handle(record)
[2023-08-25T17:44:45.948+0000] {logging_mixin.py:151} WARNING -   File "/usr/lib/python3.10/logging/__init__.py", line 968, in handle
    self.emit(record)
[2023-08-25T17:44:45.950+0000] {logging_mixin.py:151} WARNING -   File "/home/data-engineer/GAAS_Data_System/venv/lib/python3.10/site-packages/airflow/utils/log/file_task_handler.py", line 211, in emit
    self.handler.emit(record)
[2023-08-25T17:44:45.952+0000] {logging_mixin.py:151} WARNING - Message: 'Server GAAS error:'
Arguments: (502,)
[2023-08-25T17:44:45.966+0000] {taskinstance.py:1943} ERROR - Task failed with exception
Traceback (most recent call last):
  File "/home/data-engineer/GAAS_Data_System/Airflow/dags/dag_etl.py", line 34, in etl_user_items
    resource_df = extract("rs",greater,less)
  File "/home/data-engineer/GAAS_Data_System/ETL/extract.py", line 46, in extract
    cache_process(greater_time, less_than_time, col)
  File "/home/data-engineer/GAAS_Data_System/ETL/verify_func.py", line 27, in cache_process
    cache_df = pd.read_csv(cache_process_path)
  File "/home/data-engineer/GAAS_Data_System/venv/lib/python3.10/site-packages/pandas/io/parsers/readers.py", line 912, in read_csv
    return _read(filepath_or_buffer, kwds)
  File "/home/data-engineer/GAAS_Data_System/venv/lib/python3.10/site-packages/pandas/io/parsers/readers.py", line 577, in _read
    parser = TextFileReader(filepath_or_buffer, **kwds)
  File "/home/data-engineer/GAAS_Data_System/venv/lib/python3.10/site-packages/pandas/io/parsers/readers.py", line 1407, in __init__
    self._engine = self._make_engine(f, self.engine)
  File "/home/data-engineer/GAAS_Data_System/venv/lib/python3.10/site-packages/pandas/io/parsers/readers.py", line 1661, in _make_engine
    self.handles = get_handle(
  File "/home/data-engineer/GAAS_Data_System/venv/lib/python3.10/site-packages/pandas/io/common.py", line 859, in get_handle
    handle = open(
FileNotFoundError: [Errno 2] No such file or directory: '/home/data-engineer/GAAS_Data_System/ETL/cache_process/20230825'

During handling of the above exception, another exception occurred:

Traceback (most recent call last):
  File "/home/data-engineer/GAAS_Data_System/venv/lib/python3.10/site-packages/airflow/operators/python.py", line 192, in execute
    return_value = self.execute_callable()
  File "/home/data-engineer/GAAS_Data_System/venv/lib/python3.10/site-packages/airflow/operators/python.py", line 209, in execute_callable
    return self.python_callable(*self.op_args, **self.op_kwargs)
  File "/home/data-engineer/GAAS_Data_System/Airflow/dags/dag_etl.py", line 106, in etl_user_items
    cache_process(greater, less, "events")
  File "/home/data-engineer/GAAS_Data_System/ETL/verify_func.py", line 27, in cache_process
    cache_df = pd.read_csv(cache_process_path)
  File "/home/data-engineer/GAAS_Data_System/venv/lib/python3.10/site-packages/pandas/io/parsers/readers.py", line 912, in read_csv
    return _read(filepath_or_buffer, kwds)
  File "/home/data-engineer/GAAS_Data_System/venv/lib/python3.10/site-packages/pandas/io/parsers/readers.py", line 577, in _read
    parser = TextFileReader(filepath_or_buffer, **kwds)
  File "/home/data-engineer/GAAS_Data_System/venv/lib/python3.10/site-packages/pandas/io/parsers/readers.py", line 1407, in __init__
    self._engine = self._make_engine(f, self.engine)
  File "/home/data-engineer/GAAS_Data_System/venv/lib/python3.10/site-packages/pandas/io/parsers/readers.py", line 1661, in _make_engine
    self.handles = get_handle(
  File "/home/data-engineer/GAAS_Data_System/venv/lib/python3.10/site-packages/pandas/io/common.py", line 859, in get_handle
    handle = open(
FileNotFoundError: [Errno 2] No such file or directory: '/home/data-engineer/GAAS_Data_System/ETL/cache_process/20230825'
[2023-08-25T17:44:46.043+0000] {taskinstance.py:1400} INFO - Marking task as FAILED. dag_id=gaas_etl, task_id=etl_user, execution_date=20230825T104800, start_date=20230825T174432, end_date=20230825T174446
[2023-08-25T17:44:46.262+0000] {logging_mixin.py:151} WARNING - /home/data-engineer/GAAS_Data_System/venv/lib/python3.10/site-packages/airflow/utils/email.py:154 RemovedInAirflow3Warning: Fetching SMTP credentials from configuration variables will be deprecated in a future release. Please set credentials using a connection instead.
[2023-08-25T17:44:46.275+0000] {configuration.py:1064} WARNING - section/key [smtp/smtp_user] not found in config
[2023-08-25T17:44:46.278+0000] {email.py:270} INFO - Email alerting: attempt 1
[2023-08-25T17:44:46.341+0000] {configuration.py:1064} WARNING - section/key [smtp/smtp_user] not found in config
[2023-08-25T17:44:46.348+0000] {email.py:270} INFO - Email alerting: attempt 1
[2023-08-25T17:44:46.349+0000] {taskinstance.py:2013} ERROR - Failed to send email to: ['hungnm15012002@gmail.com']
Traceback (most recent call last):
  File "/home/data-engineer/GAAS_Data_System/Airflow/dags/dag_etl.py", line 34, in etl_user_items
    resource_df = extract("rs",greater,less)
  File "/home/data-engineer/GAAS_Data_System/ETL/extract.py", line 46, in extract
    cache_process(greater_time, less_than_time, col)
  File "/home/data-engineer/GAAS_Data_System/ETL/verify_func.py", line 27, in cache_process
    cache_df = pd.read_csv(cache_process_path)
  File "/home/data-engineer/GAAS_Data_System/venv/lib/python3.10/site-packages/pandas/io/parsers/readers.py", line 912, in read_csv
    return _read(filepath_or_buffer, kwds)
  File "/home/data-engineer/GAAS_Data_System/venv/lib/python3.10/site-packages/pandas/io/parsers/readers.py", line 577, in _read
    parser = TextFileReader(filepath_or_buffer, **kwds)
  File "/home/data-engineer/GAAS_Data_System/venv/lib/python3.10/site-packages/pandas/io/parsers/readers.py", line 1407, in __init__
    self._engine = self._make_engine(f, self.engine)
  File "/home/data-engineer/GAAS_Data_System/venv/lib/python3.10/site-packages/pandas/io/parsers/readers.py", line 1661, in _make_engine
    self.handles = get_handle(
  File "/home/data-engineer/GAAS_Data_System/venv/lib/python3.10/site-packages/pandas/io/common.py", line 859, in get_handle
    handle = open(
FileNotFoundError: [Errno 2] No such file or directory: '/home/data-engineer/GAAS_Data_System/ETL/cache_process/20230825'

During handling of the above exception, another exception occurred:

Traceback (most recent call last):
  File "/home/data-engineer/GAAS_Data_System/venv/lib/python3.10/site-packages/airflow/models/taskinstance.py", line 1518, in _run_raw_task
    self._execute_task_with_callbacks(context, test_mode, session=session)
  File "/home/data-engineer/GAAS_Data_System/venv/lib/python3.10/site-packages/airflow/models/taskinstance.py", line 1679, in _execute_task_with_callbacks
    result = self._execute_task(context, task_orig)
  File "/home/data-engineer/GAAS_Data_System/venv/lib/python3.10/site-packages/airflow/models/taskinstance.py", line 1750, in _execute_task
    result = execute_callable(context=context)
  File "/home/data-engineer/GAAS_Data_System/venv/lib/python3.10/site-packages/airflow/operators/python.py", line 192, in execute
    return_value = self.execute_callable()
  File "/home/data-engineer/GAAS_Data_System/venv/lib/python3.10/site-packages/airflow/operators/python.py", line 209, in execute_callable
    return self.python_callable(*self.op_args, **self.op_kwargs)
  File "/home/data-engineer/GAAS_Data_System/Airflow/dags/dag_etl.py", line 106, in etl_user_items
    cache_process(greater, less, "events")
  File "/home/data-engineer/GAAS_Data_System/ETL/verify_func.py", line 27, in cache_process
    cache_df = pd.read_csv(cache_process_path)
  File "/home/data-engineer/GAAS_Data_System/venv/lib/python3.10/site-packages/pandas/io/parsers/readers.py", line 912, in read_csv
    return _read(filepath_or_buffer, kwds)
  File "/home/data-engineer/GAAS_Data_System/venv/lib/python3.10/site-packages/pandas/io/parsers/readers.py", line 577, in _read
    parser = TextFileReader(filepath_or_buffer, **kwds)
  File "/home/data-engineer/GAAS_Data_System/venv/lib/python3.10/site-packages/pandas/io/parsers/readers.py", line 1407, in __init__
    self._engine = self._make_engine(f, self.engine)
  File "/home/data-engineer/GAAS_Data_System/venv/lib/python3.10/site-packages/pandas/io/parsers/readers.py", line 1661, in _make_engine
    self.handles = get_handle(
  File "/home/data-engineer/GAAS_Data_System/venv/lib/python3.10/site-packages/pandas/io/common.py", line 859, in get_handle
    handle = open(
FileNotFoundError: [Errno 2] No such file or directory: '/home/data-engineer/GAAS_Data_System/ETL/cache_process/20230825'

During handling of the above exception, another exception occurred:

Traceback (most recent call last):
  File "/home/data-engineer/GAAS_Data_System/venv/lib/python3.10/site-packages/airflow/models/taskinstance.py", line 2426, in email_alert
    send_email(task.email, subject, html_content)
  File "/home/data-engineer/GAAS_Data_System/venv/lib/python3.10/site-packages/airflow/utils/email.py", line 80, in send_email
    return backend(
  File "/home/data-engineer/GAAS_Data_System/venv/lib/python3.10/site-packages/airflow/utils/email.py", line 154, in send_email_smtp
    send_mime_email(e_from=mail_from, e_to=recipients, mime_msg=msg, conn_id=conn_id, dryrun=dryrun)
  File "/home/data-engineer/GAAS_Data_System/venv/lib/python3.10/site-packages/airflow/utils/email.py", line 272, in send_mime_email
    smtp_conn = _get_smtp_connection(smtp_host, smtp_port, smtp_timeout, smtp_ssl)
  File "/home/data-engineer/GAAS_Data_System/venv/lib/python3.10/site-packages/airflow/utils/email.py", line 317, in _get_smtp_connection
    return smtplib.SMTP(host=host, port=port, timeout=timeout)
  File "/usr/lib/python3.10/smtplib.py", line 255, in __init__
    (code, msg) = self.connect(host, port)
  File "/usr/lib/python3.10/smtplib.py", line 341, in connect
    self.sock = self._get_socket(host, port, self.timeout)
  File "/usr/lib/python3.10/smtplib.py", line 312, in _get_socket
    return socket.create_connection((host, port), timeout,
  File "/usr/lib/python3.10/socket.py", line 845, in create_connection
    raise err
  File "/usr/lib/python3.10/socket.py", line 833, in create_connection
    sock.connect(sa)
ConnectionRefusedError: [Errno 111] Connection refused

During handling of the above exception, another exception occurred:

Traceback (most recent call last):
  File "/home/data-engineer/GAAS_Data_System/venv/lib/python3.10/site-packages/airflow/models/taskinstance.py", line 2011, in handle_failure
    self.email_alert(error, task)
  File "/home/data-engineer/GAAS_Data_System/venv/lib/python3.10/site-packages/airflow/models/taskinstance.py", line 2428, in email_alert
    send_email(task.email, subject, html_content_err)
  File "/home/data-engineer/GAAS_Data_System/venv/lib/python3.10/site-packages/airflow/utils/email.py", line 80, in send_email
    return backend(
  File "/home/data-engineer/GAAS_Data_System/venv/lib/python3.10/site-packages/airflow/utils/email.py", line 154, in send_email_smtp
    send_mime_email(e_from=mail_from, e_to=recipients, mime_msg=msg, conn_id=conn_id, dryrun=dryrun)
  File "/home/data-engineer/GAAS_Data_System/venv/lib/python3.10/site-packages/airflow/utils/email.py", line 272, in send_mime_email
    smtp_conn = _get_smtp_connection(smtp_host, smtp_port, smtp_timeout, smtp_ssl)
  File "/home/data-engineer/GAAS_Data_System/venv/lib/python3.10/site-packages/airflow/utils/email.py", line 317, in _get_smtp_connection
    return smtplib.SMTP(host=host, port=port, timeout=timeout)
  File "/usr/lib/python3.10/smtplib.py", line 255, in __init__
    (code, msg) = self.connect(host, port)
  File "/usr/lib/python3.10/smtplib.py", line 341, in connect
    self.sock = self._get_socket(host, port, self.timeout)
  File "/usr/lib/python3.10/smtplib.py", line 312, in _get_socket
    return socket.create_connection((host, port), timeout,
  File "/usr/lib/python3.10/socket.py", line 845, in create_connection
    raise err
  File "/usr/lib/python3.10/socket.py", line 833, in create_connection
    sock.connect(sa)
ConnectionRefusedError: [Errno 111] Connection refused
[2023-08-25T17:44:46.595+0000] {standard_task_runner.py:104} ERROR - Failed to execute job 43 for task etl_user ([Errno 2] No such file or directory: '/home/data-engineer/GAAS_Data_System/ETL/cache_process/20230825'; 215859)
[2023-08-25T17:44:46.706+0000] {local_task_job_runner.py:228} INFO - Task exited with return code 1
[2023-08-25T17:44:46.855+0000] {taskinstance.py:2784} INFO - 0 downstream tasks scheduled from follow-on schedule check
